[0.017s] Invoking command in '/home/robinhood/02_humble_ws/build/my_robot_interfaces': CMAKE_PREFIX_PATH=${CMAKE_PREFIX_PATH}:/home/robinhood/02_humble_ws/install/my_py_pkg:/opt/ros/humble /usr/bin/cmake --build /home/robinhood/02_humble_ws/build/my_robot_interfaces -- -j4 -l4
[0.096s] [35m[1mConsolidate compiler generated dependencies of target my_robot_interfaces__rosidl_generator_c[0m
[0.116s] [  2%] Built target my_robot_interfaces__cpp
[0.116s] [ 12%] Built target my_robot_interfaces__rosidl_generator_c
[0.138s] [ 12%] Built target ament_cmake_python_copy_my_robot_interfaces
[0.151s] [35m[1mConsolidate compiler generated dependencies of target my_robot_interfaces__rosidl_typesupport_introspection_cpp[0m
[0.153s] [35m[1mConsolidate compiler generated dependencies of target my_robot_interfaces__rosidl_typesupport_cpp[0m
[0.154s] [35m[1mConsolidate compiler generated dependencies of target my_robot_interfaces__rosidl_typesupport_fastrtps_cpp[0m
[0.175s] [35m[1mConsolidate compiler generated dependencies of target my_robot_interfaces__rosidl_typesupport_fastrtps_c[0m
[0.181s] [ 23%] Built target my_robot_interfaces__rosidl_typesupport_cpp
[0.190s] [ 33%] Built target my_robot_interfaces__rosidl_typesupport_introspection_cpp
[0.204s] [ 43%] Built target my_robot_interfaces__rosidl_typesupport_fastrtps_cpp
[0.214s] [35m[1mConsolidate compiler generated dependencies of target my_robot_interfaces__rosidl_typesupport_introspection_c[0m
[0.219s] [ 53%] Built target my_robot_interfaces__rosidl_typesupport_fastrtps_c
[0.230s] [35m[1mConsolidate compiler generated dependencies of target my_robot_interfaces__rosidl_typesupport_c[0m
[0.254s] [ 64%] Built target my_robot_interfaces__rosidl_typesupport_c
[0.256s] [ 74%] Built target my_robot_interfaces__rosidl_typesupport_introspection_c
[0.282s] [ 74%] Built target my_robot_interfaces
[0.311s] [ 76%] Built target my_robot_interfaces__py
[0.333s] [35m[1mConsolidate compiler generated dependencies of target my_robot_interfaces__rosidl_generator_py[0m
[0.353s] [ 84%] Built target my_robot_interfaces__rosidl_generator_py
[0.376s] [35m[1mConsolidate compiler generated dependencies of target my_robot_interfaces__rosidl_typesupport_introspection_c__pyext[0m
[0.376s] [35m[1mConsolidate compiler generated dependencies of target my_robot_interfaces__rosidl_typesupport_c__pyext[0m
[0.376s] [35m[1mConsolidate compiler generated dependencies of target my_robot_interfaces__rosidl_typesupport_fastrtps_c__pyext[0m
[0.401s] [ 89%] Built target my_robot_interfaces__rosidl_typesupport_c__pyext
[0.409s] [ 94%] Built target my_robot_interfaces__rosidl_typesupport_introspection_c__pyext
[0.409s] [100%] Built target my_robot_interfaces__rosidl_typesupport_fastrtps_c__pyext
[0.804s] running egg_info
[0.805s] writing my_robot_interfaces.egg-info/PKG-INFO
[0.805s] writing dependency_links to my_robot_interfaces.egg-info/dependency_links.txt
[0.806s] writing top-level names to my_robot_interfaces.egg-info/top_level.txt
[0.809s] reading manifest file 'my_robot_interfaces.egg-info/SOURCES.txt'
[0.810s] writing manifest file 'my_robot_interfaces.egg-info/SOURCES.txt'
[0.852s] [100%] Built target ament_cmake_python_build_my_robot_interfaces_egg
[0.871s] Invoked command in '/home/robinhood/02_humble_ws/build/my_robot_interfaces' returned '0': CMAKE_PREFIX_PATH=${CMAKE_PREFIX_PATH}:/home/robinhood/02_humble_ws/install/my_py_pkg:/opt/ros/humble /usr/bin/cmake --build /home/robinhood/02_humble_ws/build/my_robot_interfaces -- -j4 -l4
[0.888s] Invoking command in '/home/robinhood/02_humble_ws/build/my_robot_interfaces': CMAKE_PREFIX_PATH=${CMAKE_PREFIX_PATH}:/home/robinhood/02_humble_ws/install/my_py_pkg:/opt/ros/humble /usr/bin/cmake --install /home/robinhood/02_humble_ws/build/my_robot_interfaces
[0.901s] -- Install configuration: ""
[0.902s] -- Up-to-date: /home/robinhood/02_humble_ws/install/my_robot_interfaces/share/ament_index/resource_index/rosidl_interfaces/my_robot_interfaces
[0.902s] -- Up-to-date: /home/robinhood/02_humble_ws/install/my_robot_interfaces/include/my_robot_interfaces/my_robot_interfaces
[0.902s] -- Up-to-date: /home/robinhood/02_humble_ws/install/my_robot_interfaces/include/my_robot_interfaces/my_robot_interfaces/msg
[0.902s] -- Up-to-date: /home/robinhood/02_humble_ws/install/my_robot_interfaces/include/my_robot_interfaces/my_robot_interfaces/msg/detail
[0.902s] -- Up-to-date: /home/robinhood/02_humble_ws/install/my_robot_interfaces/include/my_robot_interfaces/my_robot_interfaces/msg/detail/hardware_status__struct.h
[0.902s] -- Up-to-date: /home/robinhood/02_humble_ws/install/my_robot_interfaces/include/my_robot_interfaces/my_robot_interfaces/msg/detail/hardware_status__functions.c
[0.902s] -- Up-to-date: /home/robinhood/02_humble_ws/install/my_robot_interfaces/include/my_robot_interfaces/my_robot_interfaces/msg/detail/hardware_status__functions.h
[0.903s] -- Up-to-date: /home/robinhood/02_humble_ws/install/my_robot_interfaces/include/my_robot_interfaces/my_robot_interfaces/msg/detail/hardware_status__type_support.h
[0.903s] -- Up-to-date: /home/robinhood/02_humble_ws/install/my_robot_interfaces/include/my_robot_interfaces/my_robot_interfaces/msg/hardware_status.h
[0.903s] -- Up-to-date: /home/robinhood/02_humble_ws/install/my_robot_interfaces/include/my_robot_interfaces/my_robot_interfaces/msg/rosidl_generator_c__visibility_control.h
[0.903s] -- Up-to-date: /home/robinhood/02_humble_ws/install/my_robot_interfaces/include/my_robot_interfaces/my_robot_interfaces/srv
[0.903s] -- Up-to-date: /home/robinhood/02_humble_ws/install/my_robot_interfaces/include/my_robot_interfaces/my_robot_interfaces/srv/compute_rectange_area.h
[0.904s] -- Up-to-date: /home/robinhood/02_humble_ws/install/my_robot_interfaces/include/my_robot_interfaces/my_robot_interfaces/srv/detail
[0.904s] -- Up-to-date: /home/robinhood/02_humble_ws/install/my_robot_interfaces/include/my_robot_interfaces/my_robot_interfaces/srv/detail/compute_rectange_area__type_support.h
[0.904s] -- Up-to-date: /home/robinhood/02_humble_ws/install/my_robot_interfaces/include/my_robot_interfaces/my_robot_interfaces/srv/detail/compute_rectange_area__functions.h
[0.905s] -- Up-to-date: /home/robinhood/02_humble_ws/install/my_robot_interfaces/include/my_robot_interfaces/my_robot_interfaces/srv/detail/compute_rectange_area__functions.c
[0.905s] -- Up-to-date: /home/robinhood/02_humble_ws/install/my_robot_interfaces/include/my_robot_interfaces/my_robot_interfaces/srv/detail/compute_rectange_area__struct.h
[0.905s] -- Up-to-date: /home/robinhood/02_humble_ws/install/my_robot_interfaces/share/my_robot_interfaces/environment/library_path.sh
[0.905s] -- Up-to-date: /home/robinhood/02_humble_ws/install/my_robot_interfaces/share/my_robot_interfaces/environment/library_path.dsv
[0.906s] -- Up-to-date: /home/robinhood/02_humble_ws/install/my_robot_interfaces/lib/libmy_robot_interfaces__rosidl_generator_c.so
[0.906s] -- Up-to-date: /home/robinhood/02_humble_ws/install/my_robot_interfaces/include/my_robot_interfaces/my_robot_interfaces
[0.907s] -- Up-to-date: /home/robinhood/02_humble_ws/install/my_robot_interfaces/include/my_robot_interfaces/my_robot_interfaces/msg
[0.908s] -- Up-to-date: /home/robinhood/02_humble_ws/install/my_robot_interfaces/include/my_robot_interfaces/my_robot_interfaces/msg/detail
[0.908s] -- Up-to-date: /home/robinhood/02_humble_ws/install/my_robot_interfaces/include/my_robot_interfaces/my_robot_interfaces/msg/detail/hardware_status__rosidl_typesupport_fastrtps_c.h
[0.909s] -- Up-to-date: /home/robinhood/02_humble_ws/install/my_robot_interfaces/include/my_robot_interfaces/my_robot_interfaces/msg/rosidl_typesupport_fastrtps_c__visibility_control.h
[0.909s] -- Up-to-date: /home/robinhood/02_humble_ws/install/my_robot_interfaces/include/my_robot_interfaces/my_robot_interfaces/srv
[0.909s] -- Up-to-date: /home/robinhood/02_humble_ws/install/my_robot_interfaces/include/my_robot_interfaces/my_robot_interfaces/srv/detail
[0.909s] -- Up-to-date: /home/robinhood/02_humble_ws/install/my_robot_interfaces/include/my_robot_interfaces/my_robot_interfaces/srv/detail/compute_rectange_area__rosidl_typesupport_fastrtps_c.h
[0.909s] -- Up-to-date: /home/robinhood/02_humble_ws/install/my_robot_interfaces/lib/libmy_robot_interfaces__rosidl_typesupport_fastrtps_c.so
[0.909s] -- Up-to-date: /home/robinhood/02_humble_ws/install/my_robot_interfaces/include/my_robot_interfaces/my_robot_interfaces
[0.909s] -- Up-to-date: /home/robinhood/02_humble_ws/install/my_robot_interfaces/include/my_robot_interfaces/my_robot_interfaces/msg
[0.910s] -- Up-to-date: /home/robinhood/02_humble_ws/install/my_robot_interfaces/include/my_robot_interfaces/my_robot_interfaces/msg/detail
[0.911s] -- Up-to-date: /home/robinhood/02_humble_ws/install/my_robot_interfaces/include/my_robot_interfaces/my_robot_interfaces/msg/detail/hardware_status__rosidl_typesupport_introspection_c.h
[0.911s] -- Up-to-date: /home/robinhood/02_humble_ws/install/my_robot_interfaces/include/my_robot_interfaces/my_robot_interfaces/msg/detail/hardware_status__type_support.c
[0.911s] -- Up-to-date: /home/robinhood/02_humble_ws/install/my_robot_interfaces/include/my_robot_interfaces/my_robot_interfaces/msg/rosidl_typesupport_introspection_c__visibility_control.h
[0.912s] -- Up-to-date: /home/robinhood/02_humble_ws/install/my_robot_interfaces/include/my_robot_interfaces/my_robot_interfaces/srv
[0.912s] -- Up-to-date: /home/robinhood/02_humble_ws/install/my_robot_interfaces/include/my_robot_interfaces/my_robot_interfaces/srv/detail
[0.912s] -- Up-to-date: /home/robinhood/02_humble_ws/install/my_robot_interfaces/include/my_robot_interfaces/my_robot_interfaces/srv/detail/compute_rectange_area__type_support.c
[0.912s] -- Up-to-date: /home/robinhood/02_humble_ws/install/my_robot_interfaces/include/my_robot_interfaces/my_robot_interfaces/srv/detail/compute_rectange_area__rosidl_typesupport_introspection_c.h
[0.912s] -- Up-to-date: /home/robinhood/02_humble_ws/install/my_robot_interfaces/lib/libmy_robot_interfaces__rosidl_typesupport_introspection_c.so
[0.912s] -- Up-to-date: /home/robinhood/02_humble_ws/install/my_robot_interfaces/lib/libmy_robot_interfaces__rosidl_typesupport_c.so
[0.913s] -- Up-to-date: /home/robinhood/02_humble_ws/install/my_robot_interfaces/include/my_robot_interfaces/my_robot_interfaces
[0.913s] -- Up-to-date: /home/robinhood/02_humble_ws/install/my_robot_interfaces/include/my_robot_interfaces/my_robot_interfaces/msg
[0.913s] -- Up-to-date: /home/robinhood/02_humble_ws/install/my_robot_interfaces/include/my_robot_interfaces/my_robot_interfaces/msg/hardware_status.hpp
[0.913s] -- Up-to-date: /home/robinhood/02_humble_ws/install/my_robot_interfaces/include/my_robot_interfaces/my_robot_interfaces/msg/detail
[0.913s] -- Up-to-date: /home/robinhood/02_humble_ws/install/my_robot_interfaces/include/my_robot_interfaces/my_robot_interfaces/msg/detail/hardware_status__type_support.hpp
[0.913s] -- Up-to-date: /home/robinhood/02_humble_ws/install/my_robot_interfaces/include/my_robot_interfaces/my_robot_interfaces/msg/detail/hardware_status__traits.hpp
[0.914s] -- Up-to-date: /home/robinhood/02_humble_ws/install/my_robot_interfaces/include/my_robot_interfaces/my_robot_interfaces/msg/detail/hardware_status__struct.hpp
[0.914s] -- Up-to-date: /home/robinhood/02_humble_ws/install/my_robot_interfaces/include/my_robot_interfaces/my_robot_interfaces/msg/detail/hardware_status__builder.hpp
[0.914s] -- Up-to-date: /home/robinhood/02_humble_ws/install/my_robot_interfaces/include/my_robot_interfaces/my_robot_interfaces/msg/rosidl_generator_cpp__visibility_control.hpp
[0.914s] -- Up-to-date: /home/robinhood/02_humble_ws/install/my_robot_interfaces/include/my_robot_interfaces/my_robot_interfaces/srv
[0.915s] -- Up-to-date: /home/robinhood/02_humble_ws/install/my_robot_interfaces/include/my_robot_interfaces/my_robot_interfaces/srv/detail
[0.915s] -- Up-to-date: /home/robinhood/02_humble_ws/install/my_robot_interfaces/include/my_robot_interfaces/my_robot_interfaces/srv/detail/compute_rectange_area__builder.hpp
[0.915s] -- Up-to-date: /home/robinhood/02_humble_ws/install/my_robot_interfaces/include/my_robot_interfaces/my_robot_interfaces/srv/detail/compute_rectange_area__traits.hpp
[0.915s] -- Up-to-date: /home/robinhood/02_humble_ws/install/my_robot_interfaces/include/my_robot_interfaces/my_robot_interfaces/srv/detail/compute_rectange_area__type_support.hpp
[0.916s] -- Up-to-date: /home/robinhood/02_humble_ws/install/my_robot_interfaces/include/my_robot_interfaces/my_robot_interfaces/srv/detail/compute_rectange_area__struct.hpp
[0.916s] -- Up-to-date: /home/robinhood/02_humble_ws/install/my_robot_interfaces/include/my_robot_interfaces/my_robot_interfaces/srv/compute_rectange_area.hpp
[0.916s] -- Up-to-date: /home/robinhood/02_humble_ws/install/my_robot_interfaces/include/my_robot_interfaces/my_robot_interfaces
[0.917s] -- Up-to-date: /home/robinhood/02_humble_ws/install/my_robot_interfaces/include/my_robot_interfaces/my_robot_interfaces/msg
[0.917s] -- Up-to-date: /home/robinhood/02_humble_ws/install/my_robot_interfaces/include/my_robot_interfaces/my_robot_interfaces/msg/detail
[0.917s] -- Up-to-date: /home/robinhood/02_humble_ws/install/my_robot_interfaces/include/my_robot_interfaces/my_robot_interfaces/msg/detail/dds_fastrtps
[0.917s] -- Up-to-date: /home/robinhood/02_humble_ws/install/my_robot_interfaces/include/my_robot_interfaces/my_robot_interfaces/msg/detail/hardware_status__rosidl_typesupport_fastrtps_cpp.hpp
[0.917s] -- Up-to-date: /home/robinhood/02_humble_ws/install/my_robot_interfaces/include/my_robot_interfaces/my_robot_interfaces/msg/rosidl_typesupport_fastrtps_cpp__visibility_control.h
[0.917s] -- Up-to-date: /home/robinhood/02_humble_ws/install/my_robot_interfaces/include/my_robot_interfaces/my_robot_interfaces/srv
[0.918s] -- Up-to-date: /home/robinhood/02_humble_ws/install/my_robot_interfaces/include/my_robot_interfaces/my_robot_interfaces/srv/detail
[0.918s] -- Up-to-date: /home/robinhood/02_humble_ws/install/my_robot_interfaces/include/my_robot_interfaces/my_robot_interfaces/srv/detail/compute_rectange_area__rosidl_typesupport_fastrtps_cpp.hpp
[0.918s] -- Up-to-date: /home/robinhood/02_humble_ws/install/my_robot_interfaces/include/my_robot_interfaces/my_robot_interfaces/srv/detail/dds_fastrtps
[0.918s] -- Up-to-date: /home/robinhood/02_humble_ws/install/my_robot_interfaces/lib/libmy_robot_interfaces__rosidl_typesupport_fastrtps_cpp.so
[0.918s] -- Up-to-date: /home/robinhood/02_humble_ws/install/my_robot_interfaces/include/my_robot_interfaces/my_robot_interfaces
[0.918s] -- Up-to-date: /home/robinhood/02_humble_ws/install/my_robot_interfaces/include/my_robot_interfaces/my_robot_interfaces/msg
[0.918s] -- Up-to-date: /home/robinhood/02_humble_ws/install/my_robot_interfaces/include/my_robot_interfaces/my_robot_interfaces/msg/detail
[0.919s] -- Up-to-date: /home/robinhood/02_humble_ws/install/my_robot_interfaces/include/my_robot_interfaces/my_robot_interfaces/msg/detail/hardware_status__type_support.cpp
[0.919s] -- Up-to-date: /home/robinhood/02_humble_ws/install/my_robot_interfaces/include/my_robot_interfaces/my_robot_interfaces/msg/detail/hardware_status__rosidl_typesupport_introspection_cpp.hpp
[0.919s] -- Up-to-date: /home/robinhood/02_humble_ws/install/my_robot_interfaces/include/my_robot_interfaces/my_robot_interfaces/srv
[0.919s] -- Up-to-date: /home/robinhood/02_humble_ws/install/my_robot_interfaces/include/my_robot_interfaces/my_robot_interfaces/srv/detail
[0.919s] -- Up-to-date: /home/robinhood/02_humble_ws/install/my_robot_interfaces/include/my_robot_interfaces/my_robot_interfaces/srv/detail/compute_rectange_area__rosidl_typesupport_introspection_cpp.hpp
[0.919s] -- Up-to-date: /home/robinhood/02_humble_ws/install/my_robot_interfaces/include/my_robot_interfaces/my_robot_interfaces/srv/detail/compute_rectange_area__type_support.cpp
[0.920s] -- Up-to-date: /home/robinhood/02_humble_ws/install/my_robot_interfaces/lib/libmy_robot_interfaces__rosidl_typesupport_introspection_cpp.so
[0.920s] -- Up-to-date: /home/robinhood/02_humble_ws/install/my_robot_interfaces/lib/libmy_robot_interfaces__rosidl_typesupport_cpp.so
[0.920s] -- Up-to-date: /home/robinhood/02_humble_ws/install/my_robot_interfaces/share/my_robot_interfaces/environment/pythonpath.sh
[0.920s] -- Up-to-date: /home/robinhood/02_humble_ws/install/my_robot_interfaces/share/my_robot_interfaces/environment/pythonpath.dsv
[0.920s] -- Up-to-date: /home/robinhood/02_humble_ws/install/my_robot_interfaces/local/lib/python3.10/dist-packages/my_robot_interfaces-0.0.0-py3.10.egg-info
[0.920s] -- Installing: /home/robinhood/02_humble_ws/install/my_robot_interfaces/local/lib/python3.10/dist-packages/my_robot_interfaces-0.0.0-py3.10.egg-info/top_level.txt
[0.921s] -- Installing: /home/robinhood/02_humble_ws/install/my_robot_interfaces/local/lib/python3.10/dist-packages/my_robot_interfaces-0.0.0-py3.10.egg-info/dependency_links.txt
[0.921s] -- Installing: /home/robinhood/02_humble_ws/install/my_robot_interfaces/local/lib/python3.10/dist-packages/my_robot_interfaces-0.0.0-py3.10.egg-info/PKG-INFO
[0.921s] -- Installing: /home/robinhood/02_humble_ws/install/my_robot_interfaces/local/lib/python3.10/dist-packages/my_robot_interfaces-0.0.0-py3.10.egg-info/SOURCES.txt
[0.921s] -- Up-to-date: /home/robinhood/02_humble_ws/install/my_robot_interfaces/local/lib/python3.10/dist-packages/my_robot_interfaces
[0.921s] -- Up-to-date: /home/robinhood/02_humble_ws/install/my_robot_interfaces/local/lib/python3.10/dist-packages/my_robot_interfaces/_my_robot_interfaces_s.ep.rosidl_typesupport_introspection_c.c
[0.921s] -- Up-to-date: /home/robinhood/02_humble_ws/install/my_robot_interfaces/local/lib/python3.10/dist-packages/my_robot_interfaces/my_robot_interfaces_s__rosidl_typesupport_introspection_c.cpython-310-x86_64-linux-gnu.so
[0.921s] -- Up-to-date: /home/robinhood/02_humble_ws/install/my_robot_interfaces/local/lib/python3.10/dist-packages/my_robot_interfaces/my_robot_interfaces_s__rosidl_typesupport_fastrtps_c.cpython-310-x86_64-linux-gnu.so
[0.922s] -- Up-to-date: /home/robinhood/02_humble_ws/install/my_robot_interfaces/local/lib/python3.10/dist-packages/my_robot_interfaces/_my_robot_interfaces_s.ep.rosidl_typesupport_c.c
[0.922s] -- Up-to-date: /home/robinhood/02_humble_ws/install/my_robot_interfaces/local/lib/python3.10/dist-packages/my_robot_interfaces/my_robot_interfaces_s__rosidl_typesupport_c.cpython-310-x86_64-linux-gnu.so
[0.922s] -- Up-to-date: /home/robinhood/02_humble_ws/install/my_robot_interfaces/local/lib/python3.10/dist-packages/my_robot_interfaces/msg
[0.922s] -- Up-to-date: /home/robinhood/02_humble_ws/install/my_robot_interfaces/local/lib/python3.10/dist-packages/my_robot_interfaces/msg/_hardware_status.py
[0.922s] -- Up-to-date: /home/robinhood/02_humble_ws/install/my_robot_interfaces/local/lib/python3.10/dist-packages/my_robot_interfaces/msg/_hardware_status_s.c
[0.922s] -- Up-to-date: /home/robinhood/02_humble_ws/install/my_robot_interfaces/local/lib/python3.10/dist-packages/my_robot_interfaces/msg/__init__.py
[0.922s] -- Up-to-date: /home/robinhood/02_humble_ws/install/my_robot_interfaces/local/lib/python3.10/dist-packages/my_robot_interfaces/__init__.py
[0.923s] -- Up-to-date: /home/robinhood/02_humble_ws/install/my_robot_interfaces/local/lib/python3.10/dist-packages/my_robot_interfaces/libmy_robot_interfaces__rosidl_generator_py.so
[0.923s] -- Up-to-date: /home/robinhood/02_humble_ws/install/my_robot_interfaces/local/lib/python3.10/dist-packages/my_robot_interfaces/srv
[0.923s] -- Up-to-date: /home/robinhood/02_humble_ws/install/my_robot_interfaces/local/lib/python3.10/dist-packages/my_robot_interfaces/srv/_compute_rectange_area_s.c
[0.923s] -- Up-to-date: /home/robinhood/02_humble_ws/install/my_robot_interfaces/local/lib/python3.10/dist-packages/my_robot_interfaces/srv/_compute_rectange_area.py
[0.923s] -- Up-to-date: /home/robinhood/02_humble_ws/install/my_robot_interfaces/local/lib/python3.10/dist-packages/my_robot_interfaces/srv/__init__.py
[0.923s] -- Up-to-date: /home/robinhood/02_humble_ws/install/my_robot_interfaces/local/lib/python3.10/dist-packages/my_robot_interfaces/_my_robot_interfaces_s.ep.rosidl_typesupport_fastrtps_c.c
[0.987s] Listing '/home/robinhood/02_humble_ws/install/my_robot_interfaces/local/lib/python3.10/dist-packages/my_robot_interfaces'...
[0.988s] Listing '/home/robinhood/02_humble_ws/install/my_robot_interfaces/local/lib/python3.10/dist-packages/my_robot_interfaces/msg'...
[0.988s] Listing '/home/robinhood/02_humble_ws/install/my_robot_interfaces/local/lib/python3.10/dist-packages/my_robot_interfaces/srv'...
[0.997s] -- Up-to-date: /home/robinhood/02_humble_ws/install/my_robot_interfaces/local/lib/python3.10/dist-packages/my_robot_interfaces/my_robot_interfaces_s__rosidl_typesupport_fastrtps_c.cpython-310-x86_64-linux-gnu.so
[0.997s] -- Up-to-date: /home/robinhood/02_humble_ws/install/my_robot_interfaces/local/lib/python3.10/dist-packages/my_robot_interfaces/my_robot_interfaces_s__rosidl_typesupport_introspection_c.cpython-310-x86_64-linux-gnu.so
[0.998s] -- Up-to-date: /home/robinhood/02_humble_ws/install/my_robot_interfaces/local/lib/python3.10/dist-packages/my_robot_interfaces/my_robot_interfaces_s__rosidl_typesupport_c.cpython-310-x86_64-linux-gnu.so
[0.998s] -- Up-to-date: /home/robinhood/02_humble_ws/install/my_robot_interfaces/lib/libmy_robot_interfaces__rosidl_generator_py.so
[0.999s] -- Up-to-date: /home/robinhood/02_humble_ws/install/my_robot_interfaces/share/my_robot_interfaces/msg/HardwareStatus.idl
[1.000s] -- Up-to-date: /home/robinhood/02_humble_ws/install/my_robot_interfaces/share/my_robot_interfaces/srv/ComputeRectangeArea.idl
[1.000s] -- Up-to-date: /home/robinhood/02_humble_ws/install/my_robot_interfaces/share/my_robot_interfaces/msg/HardwareStatus.msg
[1.000s] -- Up-to-date: /home/robinhood/02_humble_ws/install/my_robot_interfaces/share/my_robot_interfaces/srv/ComputeRectangeArea.srv
[1.000s] -- Up-to-date: /home/robinhood/02_humble_ws/install/my_robot_interfaces/share/my_robot_interfaces/srv/ComputeRectangeArea_Request.msg
[1.001s] -- Up-to-date: /home/robinhood/02_humble_ws/install/my_robot_interfaces/share/my_robot_interfaces/srv/ComputeRectangeArea_Response.msg
[1.001s] -- Up-to-date: /home/robinhood/02_humble_ws/install/my_robot_interfaces/share/ament_index/resource_index/package_run_dependencies/my_robot_interfaces
[1.001s] -- Up-to-date: /home/robinhood/02_humble_ws/install/my_robot_interfaces/share/ament_index/resource_index/parent_prefix_path/my_robot_interfaces
[1.002s] -- Up-to-date: /home/robinhood/02_humble_ws/install/my_robot_interfaces/share/my_robot_interfaces/environment/ament_prefix_path.sh
[1.002s] -- Up-to-date: /home/robinhood/02_humble_ws/install/my_robot_interfaces/share/my_robot_interfaces/environment/ament_prefix_path.dsv
[1.002s] -- Up-to-date: /home/robinhood/02_humble_ws/install/my_robot_interfaces/share/my_robot_interfaces/environment/path.sh
[1.002s] -- Up-to-date: /home/robinhood/02_humble_ws/install/my_robot_interfaces/share/my_robot_interfaces/environment/path.dsv
[1.002s] -- Up-to-date: /home/robinhood/02_humble_ws/install/my_robot_interfaces/share/my_robot_interfaces/local_setup.bash
[1.003s] -- Up-to-date: /home/robinhood/02_humble_ws/install/my_robot_interfaces/share/my_robot_interfaces/local_setup.sh
[1.003s] -- Up-to-date: /home/robinhood/02_humble_ws/install/my_robot_interfaces/share/my_robot_interfaces/local_setup.zsh
[1.003s] -- Up-to-date: /home/robinhood/02_humble_ws/install/my_robot_interfaces/share/my_robot_interfaces/local_setup.dsv
[1.003s] -- Installing: /home/robinhood/02_humble_ws/install/my_robot_interfaces/share/my_robot_interfaces/package.dsv
[1.004s] -- Up-to-date: /home/robinhood/02_humble_ws/install/my_robot_interfaces/share/ament_index/resource_index/packages/my_robot_interfaces
[1.004s] -- Up-to-date: /home/robinhood/02_humble_ws/install/my_robot_interfaces/share/my_robot_interfaces/cmake/export_my_robot_interfaces__rosidl_generator_cExport.cmake
[1.004s] -- Up-to-date: /home/robinhood/02_humble_ws/install/my_robot_interfaces/share/my_robot_interfaces/cmake/export_my_robot_interfaces__rosidl_generator_cExport-noconfig.cmake
[1.005s] -- Up-to-date: /home/robinhood/02_humble_ws/install/my_robot_interfaces/share/my_robot_interfaces/cmake/export_my_robot_interfaces__rosidl_typesupport_fastrtps_cExport.cmake
[1.005s] -- Up-to-date: /home/robinhood/02_humble_ws/install/my_robot_interfaces/share/my_robot_interfaces/cmake/export_my_robot_interfaces__rosidl_typesupport_fastrtps_cExport-noconfig.cmake
[1.005s] -- Up-to-date: /home/robinhood/02_humble_ws/install/my_robot_interfaces/share/my_robot_interfaces/cmake/my_robot_interfaces__rosidl_typesupport_introspection_cExport.cmake
[1.005s] -- Up-to-date: /home/robinhood/02_humble_ws/install/my_robot_interfaces/share/my_robot_interfaces/cmake/my_robot_interfaces__rosidl_typesupport_introspection_cExport-noconfig.cmake
[1.005s] -- Up-to-date: /home/robinhood/02_humble_ws/install/my_robot_interfaces/share/my_robot_interfaces/cmake/my_robot_interfaces__rosidl_typesupport_cExport.cmake
[1.006s] -- Up-to-date: /home/robinhood/02_humble_ws/install/my_robot_interfaces/share/my_robot_interfaces/cmake/my_robot_interfaces__rosidl_typesupport_cExport-noconfig.cmake
[1.006s] -- Up-to-date: /home/robinhood/02_humble_ws/install/my_robot_interfaces/share/my_robot_interfaces/cmake/export_my_robot_interfaces__rosidl_generator_cppExport.cmake
[1.006s] -- Up-to-date: /home/robinhood/02_humble_ws/install/my_robot_interfaces/share/my_robot_interfaces/cmake/export_my_robot_interfaces__rosidl_typesupport_fastrtps_cppExport.cmake
[1.006s] -- Up-to-date: /home/robinhood/02_humble_ws/install/my_robot_interfaces/share/my_robot_interfaces/cmake/export_my_robot_interfaces__rosidl_typesupport_fastrtps_cppExport-noconfig.cmake
[1.006s] -- Up-to-date: /home/robinhood/02_humble_ws/install/my_robot_interfaces/share/my_robot_interfaces/cmake/my_robot_interfaces__rosidl_typesupport_introspection_cppExport.cmake
[1.006s] -- Up-to-date: /home/robinhood/02_humble_ws/install/my_robot_interfaces/share/my_robot_interfaces/cmake/my_robot_interfaces__rosidl_typesupport_introspection_cppExport-noconfig.cmake
[1.007s] -- Up-to-date: /home/robinhood/02_humble_ws/install/my_robot_interfaces/share/my_robot_interfaces/cmake/my_robot_interfaces__rosidl_typesupport_cppExport.cmake
[1.007s] -- Up-to-date: /home/robinhood/02_humble_ws/install/my_robot_interfaces/share/my_robot_interfaces/cmake/my_robot_interfaces__rosidl_typesupport_cppExport-noconfig.cmake
[1.008s] -- Up-to-date: /home/robinhood/02_humble_ws/install/my_robot_interfaces/share/my_robot_interfaces/cmake/export_my_robot_interfaces__rosidl_generator_pyExport.cmake
[1.008s] -- Up-to-date: /home/robinhood/02_humble_ws/install/my_robot_interfaces/share/my_robot_interfaces/cmake/export_my_robot_interfaces__rosidl_generator_pyExport-noconfig.cmake
[1.008s] -- Up-to-date: /home/robinhood/02_humble_ws/install/my_robot_interfaces/share/my_robot_interfaces/cmake/rosidl_cmake-extras.cmake
[1.008s] -- Up-to-date: /home/robinhood/02_humble_ws/install/my_robot_interfaces/share/my_robot_interfaces/cmake/ament_cmake_export_include_directories-extras.cmake
[1.008s] -- Up-to-date: /home/robinhood/02_humble_ws/install/my_robot_interfaces/share/my_robot_interfaces/cmake/ament_cmake_export_libraries-extras.cmake
[1.008s] -- Up-to-date: /home/robinhood/02_humble_ws/install/my_robot_interfaces/share/my_robot_interfaces/cmake/ament_cmake_export_targets-extras.cmake
[1.009s] -- Up-to-date: /home/robinhood/02_humble_ws/install/my_robot_interfaces/share/my_robot_interfaces/cmake/rosidl_cmake_export_typesupport_targets-extras.cmake
[1.010s] -- Up-to-date: /home/robinhood/02_humble_ws/install/my_robot_interfaces/share/my_robot_interfaces/cmake/ament_cmake_export_dependencies-extras.cmake
[1.011s] -- Up-to-date: /home/robinhood/02_humble_ws/install/my_robot_interfaces/share/my_robot_interfaces/cmake/rosidl_cmake_export_typesupport_libraries-extras.cmake
[1.011s] -- Up-to-date: /home/robinhood/02_humble_ws/install/my_robot_interfaces/share/my_robot_interfaces/cmake/my_robot_interfacesConfig.cmake
[1.011s] -- Up-to-date: /home/robinhood/02_humble_ws/install/my_robot_interfaces/share/my_robot_interfaces/cmake/my_robot_interfacesConfig-version.cmake
[1.011s] -- Up-to-date: /home/robinhood/02_humble_ws/install/my_robot_interfaces/share/my_robot_interfaces/package.xml
[1.012s] Invoked command in '/home/robinhood/02_humble_ws/build/my_robot_interfaces' returned '0': CMAKE_PREFIX_PATH=${CMAKE_PREFIX_PATH}:/home/robinhood/02_humble_ws/install/my_py_pkg:/opt/ros/humble /usr/bin/cmake --install /home/robinhood/02_humble_ws/build/my_robot_interfaces
